PrimeGenerators:=[
1/2*(w - 1)
,
1/2*(w + 1)
,
1/2*(w + 9)
,
1/2*(-w + 9)
,
1/2*(-3*w - 5)
,
1/2*(-3*w + 5)
,
5
,
1/2*(-3*w - 1)
,
1/2*(-3*w + 1)
,
2*w + 3
,
2*w - 3
,
7
,
1/2*(w + 15)
,
1/2*(-w + 15)
,
1/2*(5*w + 9)
,
1/2*(5*w - 9)
,
1/2*(5*w - 3)
,
1/2*(5*w + 3)
,
3*w - 4
,
-3*w - 4
,
1/2*(-3*w - 23)
,
1/2*(3*w - 23)
,
1/2*(w - 21)
,
1/2*(-w - 21)
,
3*w - 2
,
3*w + 2
,
11
,
1/2*(3*w - 25)
,
1/2*(-3*w - 25)
,
-w - 12
,
w - 12
,
1/2*(-7*w - 9)
,
1/2*(7*w - 9)
,
1/2*(7*w - 3)
,
1/2*(7*w + 3)
,
2*w - 15
,
-2*w - 15
,
1/2*(-w - 27)
,
1/2*(w - 27)
,
1/2*(-3*w - 29)
,
1/2*(3*w - 29)
,
1/2*(-9*w - 17)
,
1/2*(9*w - 17)
,
4*w - 3
,
4*w + 3
];
