Magma V2.28-3     Fri Jun 21 2024 08:50:04 on nicolas-Latitude-E5420 [Seed = 
118768556]
Type ? for help.  Type <Ctrl>-D to quit.

Loading file "13-curveF_irreducibility.m"
Loading "13-curveF.m"
ORDER_IS_SUBFIELD: special root
We compute the integer B that appears in Theorem 1 in Freitas-Siksek's 2015 
paper (JTNB).

The integer B for the number field K from Theorem 1 in Freitas-Siksek (JTNB, 
2015) is:
1625
Its prime factors are:
[ 5, 13 ]

The Ray Class Group for modulus Q2^2*oo1*oo2*oo3 is:
Abelian Group isomorphic to Z/2 + Z/2 + Z/2
Defined on 3 generators
Relations:
    2*R.1 = 0
    2*R.2 = 0
    2*R.3 = 0

The Ray Class Group for modulus Q13*oo1*oo2*oo3 is:
Abelian Group isomorphic to Z/4
Defined on 1 generator
Relations:
    4*R.1 = 0

The Ray Class Group for modulus Q2^2*Q13*oo1*oo2*oo3 is:
Abelian Group isomorphic to Z/2 + Z/2 + Z/2 + Z/4
Defined on 4 generators
Relations:
    4*R.1 = 0
    2*R.2 = 0
    2*R.3 = 0
    2*R.4 = 0
Numerator of j(F) - 1728:
(4864*z^2 - 7168*z + 1600)*x^12 + (50304*z^2 - 94464*z + 22272)*x^11*y + 
    (291648*z^2 - 432576*z + 101568)*x^10*y^2 + (860672*z^2 - 1573120*z + 
    387456)*x^9*y^3 + (2018112*z^2 - 3129600*z + 758208)*x^8*y^4 + (2991744*z^2 
    - 5364480*z + 1330560)*x^7*y^5 + (3668736*z^2 - 5753984*z + 1401728)*x^6*y^6
    + (2991744*z^2 - 5364480*z + 1330560)*x^5*y^7 + (2018112*z^2 - 3129600*z + 
    758208)*x^4*y^8 + (860672*z^2 - 1573120*z + 387456)*x^3*y^9 + (291648*z^2 - 
    432576*z + 101568)*x^2*y^10 + (50304*z^2 - 94464*z + 22272)*x*y^11 + 
    (4864*z^2 - 7168*z + 1600)*y^12
Factorisation of the numerator of j(F) - 1728:
[
    <x^2 + 1/5*(-2*z^2 - 6*z + 6)*x*y + y^2, 2>,
    <x^4 + (-17*z^2 - 24*z + 60)*x^3*y + (-22*z^2 - 29*z + 84)*x^2*y^2 + 
        (-17*z^2 - 24*z + 60)*x*y^3 + y^4, 2>
]
Denominator of j(F) - 1728:
x^12 + (-2*z^2 - 4*z + 8)*x^11*y + (-7*z^2 - 11*z + 27)*x^10*y^2 + (-16*z^2 - 
    20*z + 62)*x^9*y^3 + (-31*z^2 - 40*z + 111)*x^8*y^4 + (-42*z^2 - 56*z + 
    154)*x^7*y^5 + (-44*z^2 - 58*z + 170)*x^6*y^6 + (-42*z^2 - 56*z + 
    154)*x^5*y^7 + (-31*z^2 - 40*z + 111)*x^4*y^8 + (-16*z^2 - 20*z + 
    62)*x^3*y^9 + (-7*z^2 - 11*z + 27)*x^2*y^10 + (-2*z^2 - 4*z + 8)*x*y^11 + 
    y^12
Factorisation of the denominator of j(F) - 1728:
[
    <x + y, 4>,
    <x^4 + (-z^2 - 2*z + 2)*x^3*y + (z + 2)*x^2*y^2 + (-z^2 - 2*z + 2)*x*y^3 + 
        y^4, 2>
]
Definition of eta:
4864*z^2 - 7168*z + 1600
Is eta/13 a square?
true 1/13*(-48*z^2 + 176*z - 40)
Rank of D/K
1 1
Torsion subgroup of D/K
Abelian Group isomorphic to Z/2
Defined on 1 generator
Relations:
    2*$.1 = 0
Mapping from: Abelian Group isomorphic to Z/2
Defined on 1 generator
Relations:
    2*$.1 = 0 to CrvEll: DK given by a rule [no inverse]
Rank of D/Q
1 1
Here is R:
(4864*z^2 - 7168*z + 1600)*x^36 + (78080*z^2 - 130560*z + 30080)*x^35 + 
    (624384*z^2 - 1056768*z + 248128)*x^34 + (3199744*z^2 - 5350400*z + 
    1262592)*x^33 + (11675904*z^2 - 19291136*z + 4525440)*x^32 + (32175360*z^2 -
    52708096*z + 12226560)*x^31 + (69243648*z^2 - 112708096*z + 25857920)*x^30 +
    (118045696*z^2 - 190992896*z + 43491584)*x^29 + (158085376*z^2 - 253608704*z
    + 57539648)*x^28 + (157309440*z^2 - 247470848*z + 55983744)*x^27 + 
    (90097152*z^2 - 129895680*z + 28891968)*x^26 + (-39340288*z^2 + 92318720*z -
    22344192)*x^25 + (-185096704*z^2 + 342860544*z - 80101632)*x^24 + 
    (-272839680*z^2 + 498160640*z - 115954304)*x^23 + (-237093632*z^2 + 
    449468160*z - 105231104)*x^22 + (-63796992*z^2 + 172869376*z - 
    42584704)*x^21 + (189342976*z^2 - 237444096*z + 50811136)*x^20 + 
    (413230336*z^2 - 602322176*z + 134260224)*x^19 + (502355456*z^2 - 
    747886592*z + 167656960)*x^18 + (413230336*z^2 - 602322176*z + 
    134260224)*x^17 + (189342976*z^2 - 237444096*z + 50811136)*x^16 + 
    (-63796992*z^2 + 172869376*z - 42584704)*x^15 + (-237093632*z^2 + 
    449468160*z - 105231104)*x^14 + (-272839680*z^2 + 498160640*z - 
    115954304)*x^13 + (-185096704*z^2 + 342860544*z - 80101632)*x^12 + 
    (-39340288*z^2 + 92318720*z - 22344192)*x^11 + (90097152*z^2 - 129895680*z +
    28891968)*x^10 + (157309440*z^2 - 247470848*z + 55983744)*x^9 + 
    (158085376*z^2 - 253608704*z + 57539648)*x^8 + (118045696*z^2 - 190992896*z 
    + 43491584)*x^7 + (69243648*z^2 - 112708096*z + 25857920)*x^6 + 
    (32175360*z^2 - 52708096*z + 12226560)*x^5 + (11675904*z^2 - 19291136*z + 
    4525440)*x^4 + (3199744*z^2 - 5350400*z + 1262592)*x^3 + (624384*z^2 - 
    1056768*z + 248128)*x^2 + (78080*z^2 - 130560*z + 30080)*x + 4864*z^2 - 
    7168*z + 1600
true
The polynomial A1 is
-7168*x^36 - 130560*x^35 - 1056768*x^34 - 5350400*x^33 - 19291136*x^32 - 
    52708096*x^31 - 112708096*x^30 - 190992896*x^29 - 253608704*x^28 - 
    247470848*x^27 - 129895680*x^26 + 92318720*x^25 + 342860544*x^24 + 
    498160640*x^23 + 449468160*x^22 + 172869376*x^21 - 237444096*x^20 - 
    602322176*x^19 - 747886592*x^18 - 602322176*x^17 - 237444096*x^16 + 
    172869376*x^15 + 449468160*x^14 + 498160640*x^13 + 342860544*x^12 + 
    92318720*x^11 - 129895680*x^10 - 247470848*x^9 - 253608704*x^8 - 
    190992896*x^7 - 112708096*x^6 - 52708096*x^5 - 19291136*x^4 - 5350400*x^3 - 
    1056768*x^2 - 130560*x - 7168
Its roots are:
[
    <-1, 8>
]
The polynomial A2 is
4864*x^36 + 78080*x^35 + 624384*x^34 + 3199744*x^33 + 11675904*x^32 + 
    32175360*x^31 + 69243648*x^30 + 118045696*x^29 + 158085376*x^28 + 
    157309440*x^27 + 90097152*x^26 - 39340288*x^25 - 185096704*x^24 - 
    272839680*x^23 - 237093632*x^22 - 63796992*x^21 + 189342976*x^20 + 
    413230336*x^19 + 502355456*x^18 + 413230336*x^17 + 189342976*x^16 - 
    63796992*x^15 - 237093632*x^14 - 272839680*x^13 - 185096704*x^12 - 
    39340288*x^11 + 90097152*x^10 + 157309440*x^9 + 158085376*x^8 + 
    118045696*x^7 + 69243648*x^6 + 32175360*x^5 + 11675904*x^4 + 3199744*x^3 + 
    624384*x^2 + 78080*x + 4864
Its roots are:
[
    <-1, 8>
]
The only common root is x = -1, which corresponds to (a,b) = +/-(1,-1).
This proves Lemma 10.
