Magma V2.28-3     Fri Jun 21 2024 10:08:47 on nicolas-Latitude-E5420 [Seed = 
436816174]
Type ? for help.  Type <Ctrl>-D to quit.

Loading file "13-curveE_elimination_large_level_first_approach.m"
Loading "13-curveE.m"
Loading "13-fieldQsqrt13.m"
ORDER_IS_SUBFIELD: special root
Loading "13-curveE_PrimeIdeals.out"
Loading "13-curveE_Newforms_large_level.out"
We eliminate the forms at larger level 2^4*w^2 (s = 4). There are 426 forms to 
eliminate.
Form no 1 eliminated!
Form no 2 eliminated!
Form no 3 eliminated!
Form no 4 eliminated!
Form no 5 eliminated!
Form no 6 eliminated!
Form no 7 eliminated!
Form no 8 eliminated!
Form no 9 eliminated!
Form no 10 eliminated!
Form no 11 eliminated!
Form no 12 eliminated!
Form no 13 eliminated!
Form no 14 eliminated!
Form no 15 eliminated!
Form no 16 eliminated!
Form no 17 eliminated!
Form no 18 eliminated!
Form no 19 eliminated!
Form no 20 eliminated!
Form no 21 eliminated!
Form no 22 eliminated!
Form no 23 eliminated!
Form no 24 eliminated!
Form no 25 eliminated!
Form no 26 eliminated!
Form no 27 eliminated!
Form no 28 eliminated!
Form no 29 eliminated!
Form no 30 eliminated!
Form no 31 eliminated!
Form no 32 eliminated!
Form no 33 eliminated!
Form no 34 eliminated!
Form no 35 eliminated!
Form no 36 eliminated!
Form no 37 eliminated!
Form no 38 eliminated!
Form no 39 eliminated!
Form no 40 eliminated!
Form no 41 eliminated!
Form no 42 eliminated!
Form no 43 eliminated!
Form no 44 eliminated!
Form no 45 eliminated!
Form no 46 eliminated!
Form no 47 eliminated!
Form no 48 eliminated!
Form no 49 eliminated!
Form no 50 eliminated!
Form no 51 eliminated!
Form no 52 eliminated!
Form no 53 eliminated!
Form no 54 eliminated!
Form no 55 eliminated!
Form no 56 eliminated!
Form no 57 eliminated!
Form no 58 eliminated!
Form no 59 eliminated!
Form no 60 eliminated!
Form no 61 eliminated!
Form no 62 eliminated!
Form no 63 eliminated!
Form no 64 eliminated!
Form no 65 eliminated!
Form no 66 eliminated!
Form no 67 not eliminated!
Form no 68 eliminated!
Form no 69 eliminated!
Form no 70 eliminated!
Form no 71 eliminated!
Form no 72 eliminated!
Form no 73 eliminated!
Form no 74 eliminated!
Form no 75 eliminated!
Form no 76 eliminated!
Form no 77 eliminated!
Form no 78 eliminated!
Form no 79 eliminated!
Form no 80 eliminated!
Form no 81 eliminated!
Form no 82 eliminated!
Form no 83 eliminated!
Form no 84 eliminated!
Form no 85 eliminated!
Form no 86 eliminated!
Form no 87 eliminated!
Form no 88 eliminated!
Form no 89 eliminated!
Form no 90 eliminated!
Form no 91 eliminated!
Form no 92 eliminated!
Form no 93 eliminated!
Form no 94 eliminated!
Form no 95 eliminated!
Form no 96 eliminated!
Form no 97 eliminated!
Form no 98 eliminated!
Form no 99 eliminated!
Form no 100 eliminated!
Form no 101 eliminated!
Form no 102 eliminated!
Form no 103 eliminated!
Form no 104 eliminated!
Form no 105 eliminated!
Form no 106 eliminated!
Form no 107 eliminated!
Form no 108 eliminated!
Form no 109 eliminated!
Form no 110 eliminated!
Form no 111 eliminated!
Form no 112 eliminated!
Form no 113 eliminated!
Form no 114 eliminated!
Form no 115 eliminated!
Form no 116 eliminated!
Form no 117 eliminated!
Form no 118 eliminated!
Form no 119 eliminated!
Form no 120 eliminated!
Form no 121 eliminated!
Form no 122 eliminated!
Form no 123 eliminated!
Form no 124 eliminated!
Form no 125 eliminated!
Form no 126 eliminated!
Form no 127 eliminated!
Form no 128 eliminated!
Form no 129 eliminated!
Form no 130 eliminated!
Form no 131 eliminated!
Form no 132 eliminated!
Form no 133 eliminated!
Form no 134 eliminated!
Form no 135 eliminated!
Form no 136 eliminated!
Form no 137 eliminated!
Form no 138 eliminated!
Form no 139 eliminated!
Form no 140 eliminated!
Form no 141 eliminated!
Form no 142 eliminated!
Form no 143 eliminated!
Form no 144 eliminated!
Form no 145 eliminated!
Form no 146 eliminated!
Form no 147 eliminated!
Form no 148 eliminated!
Form no 149 eliminated!
Form no 150 eliminated!
Form no 151 eliminated!
Form no 152 eliminated!
Form no 153 eliminated!
Form no 154 eliminated!
Form no 155 eliminated!
Form no 156 eliminated!
Form no 157 eliminated!
Form no 158 eliminated!
Form no 159 eliminated!
Form no 160 eliminated!
Form no 161 eliminated!
Form no 162 eliminated!
Form no 163 eliminated!
Form no 164 eliminated!
Form no 165 eliminated!
Form no 166 eliminated!
Form no 167 eliminated!
Form no 168 eliminated!
Form no 169 eliminated!
Form no 170 eliminated!
Form no 171 eliminated!
Form no 172 eliminated!
Form no 173 eliminated!
Form no 174 eliminated!
Form no 175 eliminated!
Form no 176 eliminated!
Form no 177 eliminated!
Form no 178 eliminated!
Form no 179 eliminated!
Form no 180 eliminated!
Form no 181 eliminated!
Form no 182 eliminated!
Form no 183 eliminated!
Form no 184 eliminated!
Form no 185 eliminated!
Form no 186 eliminated!
Form no 187 eliminated!
Form no 188 eliminated!
Form no 189 eliminated!
Form no 190 eliminated!
Form no 191 eliminated!
Form no 192 eliminated!
Form no 193 eliminated!
Form no 194 eliminated!
Form no 195 eliminated!
Form no 196 eliminated!
Form no 197 eliminated!
Form no 198 eliminated!
Form no 199 eliminated!
Form no 200 eliminated!
Form no 201 eliminated!
Form no 202 eliminated!
Form no 203 eliminated!
Form no 204 eliminated!
Form no 205 eliminated!
Form no 206 eliminated!
Form no 207 eliminated!
Form no 208 eliminated!
Form no 209 eliminated!
Form no 210 eliminated!
Form no 211 eliminated!
Form no 212 eliminated!
Form no 213 eliminated!
Form no 214 eliminated!
Form no 215 eliminated!
Form no 216 eliminated!
Form no 217 eliminated!
Form no 218 eliminated!
Form no 219 eliminated!
Form no 220 eliminated!
Form no 221 eliminated!
Form no 222 eliminated!
Form no 223 eliminated!
Form no 224 eliminated!
Form no 225 eliminated!
Form no 226 eliminated!
Form no 227 eliminated!
Form no 228 eliminated!
Form no 229 eliminated!
Form no 230 eliminated!
Form no 231 eliminated!
Form no 232 eliminated!
Form no 233 eliminated!
Form no 234 eliminated!
Form no 235 eliminated!
Form no 236 eliminated!
Form no 237 eliminated!
Form no 238 eliminated!
Form no 239 eliminated!
Form no 240 eliminated!
Form no 241 eliminated!
Form no 242 eliminated!
Form no 243 eliminated!
Form no 244 eliminated!
Form no 245 eliminated!
Form no 246 eliminated!
Form no 247 eliminated!
Form no 248 eliminated!
Form no 249 eliminated!
Form no 250 eliminated!
Form no 251 eliminated!
Form no 252 eliminated!
Form no 253 eliminated!
Form no 254 eliminated!
Form no 255 eliminated!
Form no 256 eliminated!
Form no 257 eliminated!
Form no 258 eliminated!
Form no 259 eliminated!
Form no 260 eliminated!
Form no 261 eliminated!
Form no 262 eliminated!
Form no 263 eliminated!
Form no 264 eliminated!
Form no 265 eliminated!
Form no 266 eliminated!
Form no 267 eliminated!
Form no 268 eliminated!
Form no 269 eliminated!
Form no 270 eliminated!
Form no 271 eliminated!
Form no 272 eliminated!
Form no 273 eliminated!
Form no 274 eliminated!
Form no 275 eliminated!
Form no 276 eliminated!
Form no 277 eliminated!
Form no 278 eliminated!
Form no 279 eliminated!
Form no 280 eliminated!
Form no 281 eliminated!
Form no 282 eliminated!
Form no 283 eliminated!
Form no 284 eliminated!
Form no 285 eliminated!
Form no 286 eliminated!
Form no 287 eliminated!
Form no 288 eliminated!
Form no 289 eliminated!
Form no 290 eliminated!
Form no 291 eliminated!
Form no 292 eliminated!
Form no 293 eliminated!
Form no 294 eliminated!
Form no 295 eliminated!
Form no 296 eliminated!
Form no 297 eliminated!
Form no 298 eliminated!
Form no 299 eliminated!
Form no 300 eliminated!
Form no 301 eliminated!
Form no 302 eliminated!
Form no 303 eliminated!
Form no 304 eliminated!
Form no 305 eliminated!
Form no 306 eliminated!
Form no 307 eliminated!
Form no 308 eliminated!
Form no 309 eliminated!
Form no 310 eliminated!
Form no 311 eliminated!
Form no 312 eliminated!
Form no 313 eliminated!
Form no 314 eliminated!
Form no 315 eliminated!
Form no 316 eliminated!
Form no 317 eliminated!
Form no 318 eliminated!
Form no 319 eliminated!
Form no 320 eliminated!
Form no 321 eliminated!
Form no 322 eliminated!
Form no 323 eliminated!
Form no 324 eliminated!
Form no 325 eliminated!
Form no 326 eliminated!
Form no 327 eliminated!
Form no 328 eliminated!
Form no 329 eliminated!
Form no 330 eliminated!
Form no 331 eliminated!
Form no 332 eliminated!
Form no 333 eliminated!
Form no 334 eliminated!
Form no 335 eliminated!
Form no 336 eliminated!
Form no 337 eliminated!
Form no 338 eliminated!
Form no 339 eliminated!
Form no 340 eliminated!
Form no 341 eliminated!
Form no 342 eliminated!
Form no 343 eliminated!
Form no 344 eliminated!
Form no 345 eliminated!
Form no 346 eliminated!
Form no 347 eliminated!
Form no 348 eliminated!
Form no 349 eliminated!
Form no 350 eliminated!
Form no 351 eliminated!
Form no 352 eliminated!
Form no 353 eliminated!
Form no 354 eliminated!
Form no 355 eliminated!
Form no 356 eliminated!
Form no 357 eliminated!
Form no 358 eliminated!
Form no 359 eliminated!
Form no 360 eliminated!
Form no 361 eliminated!
Form no 362 eliminated!
Form no 363 eliminated!
Form no 364 eliminated!
Form no 365 eliminated!
Form no 366 eliminated!
Form no 367 eliminated!
Form no 368 eliminated!
Form no 369 eliminated!
Form no 370 eliminated!
Form no 371 eliminated!
Form no 372 eliminated!
Form no 373 eliminated!
Form no 374 eliminated!
Form no 375 eliminated!
Form no 376 eliminated!
Form no 377 eliminated!
Form no 378 eliminated!
Form no 379 eliminated!
Form no 380 eliminated!
Form no 381 eliminated!
Form no 382 eliminated!
Form no 383 eliminated!
Form no 384 eliminated!
Form no 385 eliminated!
Form no 386 eliminated!
Form no 387 eliminated!
Form no 388 eliminated!
Form no 389 eliminated!
Form no 390 eliminated!
Form no 391 eliminated!
Form no 392 eliminated!
Form no 393 eliminated!
Form no 394 eliminated!
Form no 395 eliminated!
Form no 396 eliminated!
Form no 397 eliminated!
Form no 398 eliminated!
Form no 399 eliminated!
Form no 400 eliminated!
Form no 401 eliminated!
Form no 402 eliminated!
Form no 403 eliminated!
Form no 404 eliminated!
Form no 405 eliminated!
Form no 406 eliminated!
Form no 407 eliminated!
Form no 408 eliminated!
Form no 409 eliminated!
Form no 410 eliminated!
Form no 411 eliminated!
Form no 412 eliminated!
Form no 413 eliminated!
Form no 414 eliminated!
Form no 415 eliminated!
Form no 416 eliminated!
Form no 417 eliminated!
Form no 418 eliminated!
Form no 419 eliminated!
Form no 420 eliminated!
Form no 421 eliminated!
Form no 422 eliminated!
Form no 423 eliminated!
Form no 424 eliminated!
Form no 425 eliminated!
Form no 426 eliminated!
Done!
+++++++++++++++++++++++++++++++++++++++
The surviving form at level 2^4*w^2 (s = 4) corresponds to (1,1).
+++++++++++++++++++++++++++++++++++++++
This proves Proposition 9 in the 'large' level 2^4*w^2.
